d:\sceneeditor\cocos2d\cocos\editor-support\spine\proj.win32\debug.win32\animation.obj
d:\sceneeditor\cocos2d\cocos\editor-support\spine\proj.win32\debug.win32\attachment.obj
d:\sceneeditor\cocos2d\cocos\editor-support\spine\proj.win32\debug.win32\bonedata.obj
d:\sceneeditor\cocos2d\cocos\editor-support\spine\proj.win32\debug.win32\extension.obj
d:\sceneeditor\cocos2d\cocos\editor-support\spine\proj.win32\debug.win32\json.obj
d:\sceneeditor\cocos2d\cocos\editor-support\spine\proj.win32\debug.win32\skeleton.obj
d:\sceneeditor\cocos2d\cocos\editor-support\spine\proj.win32\debug.win32\skeletondata.obj
d:\sceneeditor\cocos2d\cocos\editor-support\spine\proj.win32\debug.win32\skin.obj
d:\sceneeditor\cocos2d\cocos\editor-support\spine\proj.win32\debug.win32\slot.obj
d:\sceneeditor\cocos2d\cocos\editor-support\spine\proj.win32\debug.win32\atlas.obj
d:\sceneeditor\cocos2d\cocos\editor-support\spine\proj.win32\debug.win32\attachmentloader.obj
d:\sceneeditor\cocos2d\cocos\editor-support\spine\proj.win32\debug.win32\ccskeletonanimation.obj
d:\sceneeditor\cocos2d\cocos\editor-support\spine\proj.win32\debug.win32\animationstatedata.obj
d:\sceneeditor\cocos2d\cocos\editor-support\spine\proj.win32\debug.win32\atlasattachmentloader.obj
d:\sceneeditor\cocos2d\cocos\editor-support\spine\proj.win32\debug.win32\boundingboxattachment.obj
d:\sceneeditor\cocos2d\cocos\editor-support\spine\proj.win32\debug.win32\event.obj
d:\sceneeditor\cocos2d\cocos\editor-support\spine\proj.win32\debug.win32\eventdata.obj
d:\sceneeditor\cocos2d\cocos\editor-support\spine\proj.win32\debug.win32\regionattachment.obj
d:\sceneeditor\cocos2d\cocos\editor-support\spine\proj.win32\debug.win32\skeletonbounds.obj
d:\sceneeditor\cocos2d\cocos\editor-support\spine\proj.win32\debug.win32\skeletonjson.obj
d:\sceneeditor\cocos2d\cocos\editor-support\spine\proj.win32\debug.win32\slotdata.obj
d:\sceneeditor\cocos2d\cocos\editor-support\spine\proj.win32\debug.win32\spine-cocos2dx.obj
d:\sceneeditor\cocos2d\cocos\editor-support\spine\proj.win32\debug.win32\animationstate.obj
d:\sceneeditor\cocos2d\cocos\editor-support\spine\proj.win32\debug.win32\bone.obj
d:\sceneeditor\cocos2d\cocos\editor-support\spine\proj.win32\debug.win32\ccskeleton.obj
d:\sceneeditor\cocos2d\cocos\editor-support\spine\proj.win32\debug.win32\vc120.pdb
d:\sceneeditor\proj.win32\debug.win32\libspine.lib
d:\sceneeditor\cocos2d\cocos\editor-support\spine\proj.win32\debug.win32\vc120.idb
d:\sceneeditor\cocos2d\cocos\editor-support\spine\proj.win32\debug.win32\libspine.tlog\cl.command.1.tlog
d:\sceneeditor\cocos2d\cocos\editor-support\spine\proj.win32\debug.win32\libspine.tlog\cl.read.1.tlog
d:\sceneeditor\cocos2d\cocos\editor-support\spine\proj.win32\debug.win32\libspine.tlog\cl.write.1.tlog
d:\sceneeditor\cocos2d\cocos\editor-support\spine\proj.win32\debug.win32\libspine.tlog\lib-link.read.1.tlog
d:\sceneeditor\cocos2d\cocos\editor-support\spine\proj.win32\debug.win32\libspine.tlog\lib-link.write.1.tlog
d:\sceneeditor\cocos2d\cocos\editor-support\spine\proj.win32\debug.win32\libspine.tlog\lib.command.1.tlog
