d:\sceneeditor\cocos2d\cocos\2d\debug.win32\edtaa3func.obj
d:\sceneeditor\cocos2d\cocos\2d\debug.win32\ioapi.obj
d:\sceneeditor\cocos2d\cocos\2d\debug.win32\unzip.obj
d:\sceneeditor\cocos2d\cocos\2d\debug.win32\ccanimate3d.obj
d:\sceneeditor\cocos2d\cocos\2d\debug.win32\ccsprite3d.obj
d:\sceneeditor\cocos2d\cocos\2d\debug.win32\ccconfiguration.obj
d:\sceneeditor\cocos2d\cocos\2d\debug.win32\ccdirector.obj
d:\sceneeditor\cocos2d\cocos\2d\debug.win32\cceventlistenercustom.obj
d:\sceneeditor\cocos2d\cocos\2d\debug.win32\cceventlistenerfocus.obj
d:\sceneeditor\cocos2d\cocos\2d\debug.win32\cceventmouse.obj
d:\sceneeditor\cocos2d\cocos\2d\debug.win32\ccns.obj
d:\sceneeditor\cocos2d\cocos\2d\debug.win32\ccscriptsupport.obj
d:\sceneeditor\cocos2d\cocos\2d\debug.win32\ccutils.obj
d:\sceneeditor\cocos2d\cocos\2d\debug.win32\cocos2d.obj
d:\sceneeditor\cocos2d\cocos\2d\debug.win32\ccarray.obj
d:\sceneeditor\cocos2d\cocos\2d\debug.win32\ccnotificationcenter.obj
d:\sceneeditor\cocos2d\cocos\2d\debug.win32\ccaffinetransform.obj
d:\sceneeditor\cocos2d\cocos\2d\debug.win32\mat4.obj
d:\sceneeditor\cocos2d\cocos\2d\debug.win32\transformutils.obj
d:\sceneeditor\cocos2d\cocos\2d\debug.win32\ccphysicscontact.obj
d:\sceneeditor\cocos2d\cocos\2d\debug.win32\ccphysicsworld.obj
d:\sceneeditor\cocos2d\cocos\2d\debug.win32\ccsaxparser.obj
d:\sceneeditor\cocos2d\cocos\2d\debug.win32\ccapplication.obj
d:\sceneeditor\cocos2d\cocos\2d\debug.win32\ccbatchcommand.obj
d:\sceneeditor\cocos2d\cocos\2d\debug.win32\ccglprogramstate.obj
d:\sceneeditor\cocos2d\cocos\2d\debug.win32\ccquadcommand.obj
d:\sceneeditor\cocos2d\cocos\2d\debug.win32\cctexture2d.obj
d:\sceneeditor\cocos2d\cocos\2d\debug.win32\ccactioncamera.obj
d:\sceneeditor\cocos2d\cocos\2d\debug.win32\ccactiongrid3d.obj
d:\sceneeditor\cocos2d\cocos\2d\debug.win32\ccactionprogresstimer.obj
d:\sceneeditor\cocos2d\cocos\2d\debug.win32\ccanimationcache.obj
d:\sceneeditor\cocos2d\cocos\2d\debug.win32\cccomponentcontainer.obj
d:\sceneeditor\cocos2d\cocos\2d\debug.win32\ccfasttmxtiledmap.obj
d:\sceneeditor\cocos2d\cocos\2d\debug.win32\ccfontcharmap.obj
d:\sceneeditor\cocos2d\cocos\2d\debug.win32\ccgrid.obj
d:\sceneeditor\cocos2d\cocos\2d\debug.win32\cclabeltextformatter.obj
d:\sceneeditor\cocos2d\cocos\2d\debug.win32\ccmenuitem.obj
d:\sceneeditor\cocos2d\cocos\2d\debug.win32\ccparallaxnode.obj
d:\sceneeditor\cocos2d\cocos\2d\debug.win32\ccparticlesystem.obj
d:\sceneeditor\cocos2d\cocos\2d\debug.win32\ccsprite.obj
d:\sceneeditor\cocos2d\cocos\2d\debug.win32\cctextfieldttf.obj
d:\sceneeditor\cocos2d\cocos\2d\debug.win32\cctmxtiledmap.obj
d:\sceneeditor\cocos2d\cocos\2d\debug.win32\cctransitionprogress.obj
d:\sceneeditor\cocos2d\cocos\2d\debug.win32\convertutfwrapper.obj
d:\sceneeditor\cocos2d\cocos\2d\debug.win32\ccbundle3d.obj
d:\sceneeditor\cocos2d\cocos\2d\debug.win32\ccobjloader.obj
d:\sceneeditor\cocos2d\cocos\2d\debug.win32\base64.obj
d:\sceneeditor\cocos2d\cocos\2d\debug.win32\ccautoreleasepool.obj
d:\sceneeditor\cocos2d\cocos\2d\debug.win32\ccconsole.obj
d:\sceneeditor\cocos2d\cocos\2d\debug.win32\cceventkeyboard.obj
d:\sceneeditor\cocos2d\cocos\2d\debug.win32\cceventlisteneracceleration.obj
d:\sceneeditor\cocos2d\cocos\2d\debug.win32\cceventlistenermouse.obj
d:\sceneeditor\cocos2d\cocos\2d\debug.win32\cceventtouch.obj
d:\sceneeditor\cocos2d\cocos\2d\debug.win32\ccprofiling.obj
d:\sceneeditor\cocos2d\cocos\2d\debug.win32\cctypes.obj
d:\sceneeditor\cocos2d\cocos\2d\debug.win32\ccutf8.obj
d:\sceneeditor\cocos2d\cocos\2d\debug.win32\etc1.obj
d:\sceneeditor\cocos2d\cocos\2d\debug.win32\objectfactory.obj
d:\sceneeditor\cocos2d\cocos\2d\debug.win32\tgalib.obj
d:\sceneeditor\cocos2d\cocos\2d\debug.win32\ccdictionary.obj
d:\sceneeditor\cocos2d\cocos\2d\debug.win32\ccgeometry.obj
d:\sceneeditor\cocos2d\cocos\2d\debug.win32\mathutil.obj
d:\sceneeditor\cocos2d\cocos\2d\debug.win32\vec3.obj
d:\sceneeditor\cocos2d\cocos\2d\debug.win32\ccphysicsjoint.obj
d:\sceneeditor\cocos2d\cocos\2d\debug.win32\ccphysicsjointinfo_chipmunk.obj
d:\sceneeditor\cocos2d\cocos\2d\debug.win32\ccfileutils.obj
d:\sceneeditor\cocos2d\cocos\2d\debug.win32\ccglview.obj
d:\sceneeditor\cocos2d\cocos\2d\debug.win32\ccstdc.obj
d:\sceneeditor\cocos2d\cocos\2d\debug.win32\cccustomcommand.obj
d:\sceneeditor\cocos2d\cocos\2d\debug.win32\ccglprogramstatecache.obj
d:\sceneeditor\cocos2d\cocos\2d\debug.win32\ccmeshcommand.obj
d:\sceneeditor\cocos2d\cocos\2d\debug.win32\ccshaders.obj
d:\sceneeditor\cocos2d\cocos\2d\debug.win32\cctextureatlas.obj
d:\sceneeditor\cocos2d\cocos\2d\debug.win32\ccactioncatmullrom.obj
d:\sceneeditor\cocos2d\cocos\2d\debug.win32\ccactioninstant.obj
d:\sceneeditor\cocos2d\cocos\2d\debug.win32\ccactionpageturn3d.obj
d:\sceneeditor\cocos2d\cocos\2d\debug.win32\ccanimation.obj
d:\sceneeditor\cocos2d\cocos\2d\debug.win32\cccomponent.obj
d:\sceneeditor\cocos2d\cocos\2d\debug.win32\ccdrawnode.obj
d:\sceneeditor\cocos2d\cocos\2d\debug.win32\ccfontatlas.obj
d:\sceneeditor\cocos2d\cocos\2d\debug.win32\ccfontfreetype.obj
d:\sceneeditor\cocos2d\cocos\2d\debug.win32\cclabelatlas.obj
d:\sceneeditor\cocos2d\cocos\2d\debug.win32\ccmenu.obj
d:\sceneeditor\cocos2d\cocos\2d\debug.win32\ccnode.obj
d:\sceneeditor\cocos2d\cocos\2d\debug.win32\ccparticlesystemquad.obj
d:\sceneeditor\cocos2d\cocos\2d\debug.win32\ccscene.obj
d:\sceneeditor\cocos2d\cocos\2d\debug.win32\ccspriteframecache.obj
d:\sceneeditor\cocos2d\cocos\2d\debug.win32\cctmxobjectgroup.obj
d:\sceneeditor\cocos2d\cocos\2d\debug.win32\cctransitionpageturn.obj
d:\sceneeditor\cocos2d\cocos\2d\debug.win32\convertutf.obj
d:\sceneeditor\cocos2d\cocos\2d\debug.win32\ccbundlereader.obj
d:\sceneeditor\cocos2d\cocos\2d\debug.win32\ccmesh.obj
d:\sceneeditor\cocos2d\cocos\2d\debug.win32\atitc.obj
d:\sceneeditor\cocos2d\cocos\2d\debug.win32\cccarray.obj
d:\sceneeditor\cocos2d\cocos\2d\debug.win32\ccdatavisitor.obj
d:\sceneeditor\cocos2d\cocos\2d\debug.win32\cceventacceleration.obj
d:\sceneeditor\cocos2d\cocos\2d\debug.win32\cceventdispatcher.obj
d:\sceneeditor\cocos2d\cocos\2d\debug.win32\cceventlistenertouch.obj
d:\sceneeditor\cocos2d\cocos\2d\debug.win32\ccref.obj
d:\sceneeditor\cocos2d\cocos\2d\debug.win32\cctouch.obj
d:\sceneeditor\cocos2d\cocos\2d\debug.win32\ccvalue.obj
d:\sceneeditor\cocos2d\cocos\2d\debug.win32\ccdeprecated.obj
d:\sceneeditor\cocos2d\cocos\2d\debug.win32\quaternion.obj
d:\sceneeditor\cocos2d\cocos\2d\debug.win32\vec4.obj
d:\sceneeditor\cocos2d\cocos\2d\debug.win32\ccphysicsshape.obj
d:\sceneeditor\cocos2d\cocos\2d\debug.win32\ccphysicsbodyinfo_chipmunk.obj
d:\sceneeditor\cocos2d\cocos\2d\debug.win32\ccphysicsshapeinfo_chipmunk.obj
d:\sceneeditor\cocos2d\cocos\2d\debug.win32\ccglviewprotocol.obj
d:\sceneeditor\cocos2d\cocos\2d\debug.win32\ccthread.obj
d:\sceneeditor\cocos2d\cocos\2d\debug.win32\ccfileutilswin32.obj
d:\sceneeditor\cocos2d\cocos\2d\debug.win32\ccglprogramcache.obj
d:\sceneeditor\cocos2d\cocos\2d\debug.win32\ccglstatecache.obj
d:\sceneeditor\cocos2d\cocos\2d\debug.win32\ccrendercommand.obj
d:\sceneeditor\cocos2d\cocos\2d\debug.win32\cctexturecache.obj
d:\sceneeditor\cocos2d\cocos\2d\debug.win32\ccactionease.obj
d:\sceneeditor\cocos2d\cocos\2d\debug.win32\ccactioninterval.obj
d:\sceneeditor\cocos2d\cocos\2d\debug.win32\ccactiontiledgrid.obj
d:\sceneeditor\cocos2d\cocos\2d\debug.win32\ccatlasnode.obj
d:\sceneeditor\cocos2d\cocos\2d\debug.win32\ccdrawingprimitives.obj
d:\sceneeditor\cocos2d\cocos\2d\debug.win32\ccfont.obj
d:\sceneeditor\cocos2d\cocos\2d\debug.win32\ccfontfnt.obj
d:\sceneeditor\cocos2d\cocos\2d\debug.win32\cclabel.obj
d:\sceneeditor\cocos2d\cocos\2d\debug.win32\cclayer.obj
d:\sceneeditor\cocos2d\cocos\2d\debug.win32\ccnodegrid.obj
d:\sceneeditor\cocos2d\cocos\2d\debug.win32\ccparticleexamples.obj
d:\sceneeditor\cocos2d\cocos\2d\debug.win32\ccrendertexture.obj
d:\sceneeditor\cocos2d\cocos\2d\debug.win32\ccspriteframe.obj
d:\sceneeditor\cocos2d\cocos\2d\debug.win32\cctmxlayer.obj
d:\sceneeditor\cocos2d\cocos\2d\debug.win32\cctransition.obj
d:\sceneeditor\cocos2d\cocos\2d\debug.win32\tinyxml2.obj
d:\sceneeditor\cocos2d\cocos\2d\debug.win32\xxhash.obj
d:\sceneeditor\cocos2d\cocos\2d\debug.win32\ccanimation3d.obj
d:\sceneeditor\cocos2d\cocos\2d\debug.win32\ccmeshskin.obj
d:\sceneeditor\cocos2d\cocos\2d\debug.win32\ccsprite3dmaterial.obj
d:\sceneeditor\cocos2d\cocos\2d\debug.win32\ccdata.obj
d:\sceneeditor\cocos2d\cocos\2d\debug.win32\ccevent.obj
d:\sceneeditor\cocos2d\cocos\2d\debug.win32\cceventcustom.obj
d:\sceneeditor\cocos2d\cocos\2d\debug.win32\cceventfocus.obj
d:\sceneeditor\cocos2d\cocos\2d\debug.win32\cceventlistener.obj
d:\sceneeditor\cocos2d\cocos\2d\debug.win32\cceventlistenerkeyboard.obj
d:\sceneeditor\cocos2d\cocos\2d\debug.win32\ccfpsimages.obj
d:\sceneeditor\cocos2d\cocos\2d\debug.win32\ccimedispatcher.obj
d:\sceneeditor\cocos2d\cocos\2d\debug.win32\ccscheduler.obj
d:\sceneeditor\cocos2d\cocos\2d\debug.win32\ccuserdefault.obj
d:\sceneeditor\cocos2d\cocos\2d\debug.win32\s3tc.obj
d:\sceneeditor\cocos2d\cocos\2d\debug.win32\ziputils.obj
d:\sceneeditor\cocos2d\cocos\2d\debug.win32\ccset.obj
d:\sceneeditor\cocos2d\cocos\2d\debug.win32\ccstring.obj
d:\sceneeditor\cocos2d\cocos\2d\debug.win32\ccvertex.obj
d:\sceneeditor\cocos2d\cocos\2d\debug.win32\vec2.obj
d:\sceneeditor\cocos2d\cocos\2d\debug.win32\ccphysicsbody.obj
d:\sceneeditor\cocos2d\cocos\2d\debug.win32\ccphysicscontactinfo_chipmunk.obj
d:\sceneeditor\cocos2d\cocos\2d\debug.win32\ccphysicsworldinfo_chipmunk.obj
d:\sceneeditor\cocos2d\cocos\2d\debug.win32\ccimage.obj
d:\sceneeditor\cocos2d\cocos\2d\debug.win32\cccommon.obj
d:\sceneeditor\cocos2d\cocos\2d\debug.win32\ccdevice.obj
d:\sceneeditor\cocos2d\cocos\2d\debug.win32\ccglprogram.obj
d:\sceneeditor\cocos2d\cocos\2d\debug.win32\ccgroupcommand.obj
d:\sceneeditor\cocos2d\cocos\2d\debug.win32\ccrenderer.obj
d:\sceneeditor\cocos2d\cocos\2d\debug.win32\ccaction.obj
d:\sceneeditor\cocos2d\cocos\2d\debug.win32\ccactiongrid.obj
d:\sceneeditor\cocos2d\cocos\2d\debug.win32\ccactionmanager.obj
d:\sceneeditor\cocos2d\cocos\2d\debug.win32\ccactiontween.obj
d:\sceneeditor\cocos2d\cocos\2d\debug.win32\ccclippingnode.obj
d:\sceneeditor\cocos2d\cocos\2d\debug.win32\ccfasttmxlayer.obj
d:\sceneeditor\cocos2d\cocos\2d\debug.win32\ccfontatlascache.obj
d:\sceneeditor\cocos2d\cocos\2d\debug.win32\ccglbufferednode.obj
d:\sceneeditor\cocos2d\cocos\2d\debug.win32\ccgrabber.obj
d:\sceneeditor\cocos2d\cocos\2d\debug.win32\cclabelbmfont.obj
d:\sceneeditor\cocos2d\cocos\2d\debug.win32\cclabelttf.obj
d:\sceneeditor\cocos2d\cocos\2d\debug.win32\ccmotionstreak.obj
d:\sceneeditor\cocos2d\cocos\2d\debug.win32\ccparticlebatchnode.obj
d:\sceneeditor\cocos2d\cocos\2d\debug.win32\ccprogresstimer.obj
d:\sceneeditor\cocos2d\cocos\2d\debug.win32\ccspritebatchnode.obj
d:\sceneeditor\cocos2d\cocos\2d\debug.win32\cctilemapatlas.obj
d:\sceneeditor\cocos2d\cocos\2d\debug.win32\cctmxxmlparser.obj
d:\sceneeditor\cocos2d\cocos\2d\debug.win32\cctweenfunction.obj
d:\sceneeditor\proj.win32\debug.win32\libcocos2d.lib
d:\sceneeditor\cocos2d\cocos\2d\debug.win32\libcocos2d.tlog\cl.command.1.tlog
d:\sceneeditor\cocos2d\cocos\2d\debug.win32\libcocos2d.tlog\cl.read.1.tlog
d:\sceneeditor\cocos2d\cocos\2d\debug.win32\libcocos2d.tlog\cl.write.1.tlog
d:\sceneeditor\cocos2d\cocos\2d\debug.win32\libcocos2d.tlog\lib-link.read.1.tlog
d:\sceneeditor\cocos2d\cocos\2d\debug.win32\libcocos2d.tlog\lib-link.write.1.tlog
d:\sceneeditor\cocos2d\cocos\2d\debug.win32\libcocos2d.tlog\lib.command.1.tlog
