d:\sceneeditor\vld\win32\debug\vld_x86.pch
d:\sceneeditor\vld\win32\debug\vc120.pdb
d:\sceneeditor\vld\win32\debug\vc120.idb
d:\sceneeditor\vld\win32\debug\vld_x86.pchast
d:\sceneeditor\vld\win32\debug\stdafx.nativecodeanalysis.xml
d:\sceneeditor\vld\win32\debug\stdafx.obj
d:\sceneeditor\vld\win32\debug\vld_hooks.nativecodeanalysis.xml
d:\sceneeditor\vld\win32\debug\vldheap.nativecodeanalysis.xml
d:\sceneeditor\vld\win32\debug\vldapi.nativecodeanalysis.xml
d:\sceneeditor\vld\win32\debug\vld.nativecodeanalysis.xml
d:\sceneeditor\vld\win32\debug\utility.nativecodeanalysis.xml
d:\sceneeditor\vld\win32\debug\ntapi.nativecodeanalysis.xml
d:\sceneeditor\vld\win32\debug\dllspatches.nativecodeanalysis.xml
d:\sceneeditor\vld\win32\debug\callstack.nativecodeanalysis.xml
d:\sceneeditor\vld\win32\debug\callstack.obj
d:\sceneeditor\vld\win32\debug\dllspatches.obj
d:\sceneeditor\vld\win32\debug\ntapi.obj
d:\sceneeditor\vld\win32\debug\utility.obj
d:\sceneeditor\vld\win32\debug\vld.obj
d:\sceneeditor\vld\win32\debug\vldapi.obj
d:\sceneeditor\vld\win32\debug\vldheap.obj
d:\sceneeditor\vld\win32\debug\vld_hooks.obj
d:\sceneeditor\vld\win32\debug\vld_x86.ilk
d:\sceneeditor\vld\win32\debug\vld_x86.dll
d:\sceneeditor\vld\win32\debug\vld_x86.pdb
d:\sceneeditor\vld\win32\debug\vld.res
d:\sceneeditor\vld\win32\debug\vld_x86.lib
d:\sceneeditor\vld\win32\debug\vld_x86.exp
d:\sceneeditor\vld\win32\debug\vld.tlog\cl.command.1.tlog
d:\sceneeditor\vld\win32\debug\vld.tlog\cl.read.1.tlog
d:\sceneeditor\vld\win32\debug\vld.tlog\cl.write.1.tlog
d:\sceneeditor\vld\win32\debug\vld.tlog\link.command.1.tlog
d:\sceneeditor\vld\win32\debug\vld.tlog\link.read.1.tlog
d:\sceneeditor\vld\win32\debug\vld.tlog\link.write.1.tlog
d:\sceneeditor\vld\win32\debug\vld.tlog\rc.command.1.tlog
d:\sceneeditor\vld\win32\debug\vld.tlog\rc.read.1.tlog
d:\sceneeditor\vld\win32\debug\vld.tlog\rc.write.1.tlog
d:\sceneeditor\vld\win32\debug\vld.tlog\vld.write.1u.tlog
